2024-04-29 20:21:10 - Experiment start Omega board size = 5
2024-04-29 20:21:10 - Stop by simulations n = 10000
2024-04-29 20:21:10 - Experiment size = 100
2024-04-29 20:21:10 - ----------------------------------
2024-04-29 20:21:10 - |  Random  |  Random  |   Ties   |
2024-04-29 20:21:10 - | 0,56000  | 0,44000  | 0,00000  | -> 99
2024-04-29 20:21:10 - ----------------------------------
2024-04-29 20:21:10 - ----------------------------------
2024-04-29 20:21:10 - |  Random  |  UCT0    |   Ties   |
2024-04-29 20:25:41 - | 0,00000  | 1,00000  | 0,00000  | -> 99
2024-04-29 20:25:41 - ----------------------------------
2024-04-29 20:49:53 - Experiment start Omega board size = 5
2024-04-29 20:49:53 - Stop by simulations n = 10000
2024-04-29 20:49:53 - Experiment size = 100
2024-04-29 20:49:53 - ----------------------------------
2024-04-29 20:49:53 - |  UCT0    |  UCT0    |   Ties   |
2024-04-29 20:59:22 - | 0,71000  | 0,29000  | 0,00000  | -> 99
2024-04-29 20:59:22 - ----------------------------------
2024-04-30 11:25:17 -  
2024-04-30 11:25:17 -  
2024-04-30 11:25:17 -  
2024-04-30 11:25:17 - Experiment start Omega board size = 5
2024-04-30 11:25:17 - Stop by simulations n = 10000
2024-04-30 11:25:17 - Experiment size = 50
2024-04-30 11:25:17 - ----------------------------------
2024-04-30 11:25:17 - |  UCT0    |  UCT0    |   Ties   |
2024-04-30 11:31:53 - | 0,76000  | 0,24000  | 0,00000  | -> 50
2024-04-30 11:31:53 - ----------------------------------
2024-04-30 11:31:53 - ----------------------------------
2024-04-30 11:31:53 - |  UCT0    |  UCT2    |   Ties   |
2024-04-30 11:42:32 - | 0,66000  | 0,34000  | 0,00000  | -> 50
2024-04-30 11:42:32 - ----------------------------------
2024-04-30 11:42:32 - ----------------------------------
2024-04-30 11:42:32 - |  UCT2    |  UCT0    |   Ties   |
2024-04-30 11:53:17 - | 0,50000  | 0,50000  | 0,00000  | -> 50
2024-04-30 11:53:17 - ----------------------------------
2024-04-30 11:53:17 - ----------------------------------
2024-04-30 11:53:17 - |  UCT2    |  UCT2    |   Ties   |
2024-04-30 12:08:04 - | 0,62000  | 0,36000  | 0,02000  | -> 50
2024-04-30 12:08:04 - ----------------------------------
2024-04-30 12:08:20 -  
2024-04-30 12:08:20 -  
2024-04-30 12:08:20 -  
2024-04-30 12:08:20 - Experiment start Omega board size = 3
2024-04-30 12:08:20 - Stop by simulations n = 10000
2024-04-30 12:08:20 - Experiment size = 100
2024-04-30 12:08:20 - ----------------------------------
2024-04-30 12:08:20 - |  UCT0    |  UCT0    |   Ties   |
2024-04-30 12:09:36 - | 0,64000  | 0,12000  | 0,24000  | -> 100
2024-04-30 12:09:36 - ----------------------------------
2024-04-30 12:09:36 - ----------------------------------
2024-04-30 12:09:36 - |  UCT0    |  UCT2    |   Ties   |
2024-04-30 12:11:28 - | 0,60000  | 0,17000  | 0,23000  | -> 100
2024-04-30 12:11:28 - ----------------------------------
2024-04-30 12:11:28 - ----------------------------------
2024-04-30 12:11:28 - |  UCT2    |  UCT0    |   Ties   |
2024-04-30 12:13:26 - | 0,59000  | 0,12000  | 0,29000  | -> 100
2024-04-30 12:13:26 - ----------------------------------
2024-04-30 12:13:26 - ----------------------------------
2024-04-30 12:13:26 - |  UCT2    |  UCT2    |   Ties   |
2024-04-30 12:15:51 - | 0,65000  | 0,09000  | 0,26000  | -> 100
2024-04-30 12:15:51 - ----------------------------------


2024-04-30 14:15:14 -  
2024-04-30 14:15:14 -  
2024-04-30 14:15:14 -  
2024-04-30 14:15:14 - Experiment start Omega board size = 4
2024-04-30 14:15:14 - Stop by simulations n = 20000
2024-04-30 14:15:14 - Experiment size = 50
2024-04-30 14:15:14 - ----------------------------------
2024-04-30 14:15:14 - |  MCGS    |  UCT0    |   Ties   |
2024-04-30 14:20:56 - | 1,00000  | 0,00000  | 0,00000  | -> 50
2024-04-30 14:20:56 - ----------------------------------
2024-04-30 14:20:56 - ----------------------------------
2024-04-30 14:20:56 - |  UCT0    |  MCGS    |   Ties   |
2024-04-30 14:26:32 - | 0,96000  | 0,02000  | 0,02000  | -> 50
2024-04-30 14:26:32 - ----------------------------------
2024-04-30 14:28:36 -  
2024-04-30 14:28:36 -  
2024-04-30 14:28:36 -  
2024-04-30 14:28:36 - Experiment start Omega board size = 4
2024-04-30 14:28:36 - Stop by simulations n = 10000
2024-04-30 14:28:36 - Experiment size = 100
2024-04-30 14:28:36 - ----------------------------------
2024-04-30 14:28:36 - |  MCGS    |  UCT0    |   Ties   |
2024-04-30 14:34:15 - | 0,93000  | 0,04000  | 0,03000  | -> 100
2024-04-30 14:34:15 - ----------------------------------
2024-04-30 14:34:15 - ----------------------------------
2024-04-30 14:34:15 - |  UCT0    |  MCGS    |   Ties   |
2024-04-30 14:39:49 - | 0,92000  | 0,03000  | 0,05000  | -> 100
2024-04-30 14:39:49 - ----------------------------------
2024-04-30 14:40:32 -  
2024-04-30 14:40:32 -  
2024-04-30 14:40:32 -  
2024-04-30 14:40:32 - Experiment start Omega board size = 5
2024-04-30 14:40:32 - Stop by simulations n = 10000
2024-04-30 14:40:32 - Experiment size = 100
2024-04-30 14:40:32 - ----------------------------------
2024-04-30 14:40:32 - |  MCGS    |  UCT0    |   Ties   |
2024-04-30 14:56:37 - | 0,77000  | 0,21000  | 0,02000  | -> 100
2024-04-30 14:56:37 - ----------------------------------
2024-04-30 14:56:37 - ----------------------------------
2024-04-30 14:56:37 - |  UCT0    |  MCGS    |   Ties   |
2024-04-30 15:12:14 - | 0,71000  | 0,28000  | 0,01000  | -> 100
2024-04-30 15:12:14 - ----------------------------------
2024-04-30 16:05:12 -  
2024-04-30 16:05:12 -  
2024-04-30 16:05:12 -  
2024-04-30 16:05:12 - Experiment start Omega board size = 3
2024-04-30 16:05:12 - Stop by simulations n = 10000
2024-04-30 16:05:12 - Experiment size = 100
2024-04-30 16:05:12 - ----------------------------------
2024-04-30 16:05:12 - |  MCGS    |  UCT0    |   Ties   |
2024-04-30 16:06:46 - | 0,67000  | 0,21000  | 0,12000  | -> 100
2024-04-30 16:06:46 - ----------------------------------
2024-04-30 16:06:46 - ----------------------------------
2024-04-30 16:06:46 - |  UCT0    |  MCGS    |   Ties   |
2024-04-30 16:08:13 - | 0,63000  | 0,10000  | 0,27000  | -> 100
2024-04-30 16:08:13 - ----------------------------------
2024-04-30 16:08:31 -  
2024-04-30 16:08:31 -  
2024-04-30 16:08:31 -  
2024-04-30 16:08:31 - Experiment start Omega board size = 3
2024-04-30 16:08:31 - Stop by simulations n = 1000
2024-04-30 16:08:31 - Experiment size = 100
2024-04-30 16:08:31 - ----------------------------------
2024-04-30 16:08:31 - |  MCGS    |  UCT0    |   Ties   |
2024-04-30 16:08:39 - | 0,60000  | 0,22000  | 0,18000  | -> 100
2024-04-30 16:08:39 - ----------------------------------
2024-04-30 16:08:39 - ----------------------------------
2024-04-30 16:08:39 - |  UCT0    |  MCGS    |   Ties   |
2024-04-30 16:08:47 - | 0,55000  | 0,27000  | 0,18000  | -> 100
2024-04-30 16:08:47 - ----------------------------------
2024-04-30 16:35:44 -  
2024-04-30 16:35:44 -  
2024-04-30 16:35:44 -  
2024-04-30 16:35:44 - Experiment start Omega board size = 4
2024-04-30 16:35:44 - Stop by simulations n = 10000
2024-04-30 16:35:44 - Experiment size = 100
2024-04-30 16:35:44 - ----------------------------------
2024-04-30 16:35:44 - |  MCGS    |  UCT0    |   Ties   |
2024-04-30 16:42:19 - | 0,89000  | 0,06000  | 0,05000  | -> 100
2024-04-30 16:42:19 - ----------------------------------
2024-04-30 16:42:19 - ----------------------------------
2024-04-30 16:42:19 - |  UCT0    |  MCGS    |   Ties   |
2024-04-30 16:48:43 - | 0,91000  | 0,04000  | 0,05000  | -> 100
2024-04-30 16:48:43 - ----------------------------------
2024-04-30 16:57:43 -  
2024-04-30 16:57:43 -  
2024-04-30 16:57:43 -  
2024-04-30 16:57:43 - Experiment start Omega board size = 4
2024-04-30 16:57:43 - Stop by simulations n = 10000
2024-04-30 16:57:43 - Experiment size = 100
2024-04-30 16:57:43 - ----------------------------------
2024-04-30 16:57:43 - |  UCT0    |  UCT2    |   Ties   |
2024-04-30 17:04:49 - | 0,92000  | 0,03000  | 0,05000  | -> 100
2024-04-30 17:04:49 - ----------------------------------
2024-04-30 17:04:49 - ----------------------------------
2024-04-30 17:04:49 - |  UCT0    |  MCGS    |   Ties   |
2024-04-30 17:10:20 - | 0,95000  | 0,04000  | 0,01000  | -> 100
2024-04-30 17:10:20 - ----------------------------------
2024-04-30 17:10:20 - ----------------------------------
2024-04-30 17:10:20 - |  UCT2    |  UCT0    |   Ties   |
2024-04-30 17:17:32 - | 0,88000  | 0,10000  | 0,02000  | -> 100
2024-04-30 17:17:32 - ----------------------------------
2024-04-30 17:17:32 - ----------------------------------
2024-04-30 17:17:32 - |  UCT2    |  MCGS    |   Ties   |
2024-04-30 17:25:28 - | 0,91000  | 0,06000  | 0,03000  | -> 100
2024-04-30 17:25:28 - ----------------------------------
2024-04-30 17:25:28 - ----------------------------------
2024-04-30 17:25:28 - |  MCGS    |  UCT0    |   Ties   |
2024-04-30 17:31:08 - | 0,92000  | 0,06000  | 0,02000  | -> 100
2024-04-30 17:31:08 - ----------------------------------
2024-04-30 17:31:08 - ----------------------------------
2024-04-30 17:31:08 - |  MCGS    |  UCT2    |   Ties   |
2024-04-30 17:39:45 - | 0,92000  | 0,08000  | 0,00000  | -> 100
2024-04-30 17:39:45 - ----------------------------------

2024-05-01 11:09:41 -  
2024-05-01 11:09:41 -  
2024-05-01 11:09:41 -  
2024-05-01 11:09:41 - Experiment start Omega board size = 5
2024-05-01 11:09:41 - Stop by simulations n = 10000
2024-05-01 11:09:41 - Experiment size = 100
2024-05-01 11:09:41 - ----------------------------------
2024-05-01 11:09:41 - |  UCT0    |  UCT0    |   Ties   |
2024-05-01 11:22:21 - | 0,69000  | 0,29000  | 0,02000  | -> 100
2024-05-01 11:22:21 - ----------------------------------
2024-05-01 11:23:26 -  
2024-05-01 11:23:26 -  
2024-05-01 11:23:26 -  
2024-05-01 11:23:26 - Experiment start Omega board size = 5
2024-05-01 11:23:26 - Stop by simulations n = 10000
2024-05-01 11:23:26 - Experiment size = 100
2024-05-01 11:23:26 - ----------------------------------
2024-05-01 11:23:26 - |  UCT0    |  MCGS    |   Ties   |
2024-05-01 11:39:21 - | 0,70000  | 0,30000  | 0,00000  | -> 100
2024-05-01 11:39:21 - ----------------------------------
2024-05-01 11:39:21 - ----------------------------------
2024-05-01 11:39:21 - |  MCGS    |  UCT0    |   Ties   |
2024-05-01 11:55:22 - | 0,65000  | 0,35000  | 0,00000  | -> 100
2024-05-01 11:55:22 - ----------------------------------
2024-05-01 11:55:33 -  
2024-05-01 11:55:33 -  
2024-05-01 11:55:33 -  
2024-05-01 11:55:33 - Experiment start Omega board size = 5
2024-05-01 11:55:33 - Stop by simulations n = 10000
2024-05-01 11:55:33 - Experiment size = 100
2024-05-01 11:55:33 - ----------------------------------
2024-05-01 11:55:33 - |  UCT0    |  UCT2    |   Ties   |
2024-05-01 12:18:59 - | 0,66000  | 0,33000  | 0,01000  | -> 100
2024-05-01 12:18:59 - ----------------------------------
2024-05-01 12:18:59 - ----------------------------------
2024-05-01 12:18:59 - |  UCT2    |  UCT0    |   Ties   |
2024-05-01 12:42:11 - | 0,64000  | 0,35000  | 0,01000  | -> 100
2024-05-01 12:42:11 - ----------------------------------
2024-05-01 12:42:40 -  
2024-05-01 12:42:40 -  
2024-05-01 12:42:40 -  
2024-05-01 12:42:40 - Experiment start Omega board size = 5
2024-05-01 12:42:40 - Stop by simulations n = 10000
2024-05-01 12:42:40 - Experiment size = 100
2024-05-01 12:42:42 - ----------------------------------
2024-05-01 12:42:42 - |  MCGS    |  UCT2    |   Ties   |
2024-05-01 13:08:51 - | 0,68000  | 0,31000  | 0,01000  | -> 100
2024-05-01 13:08:52 - ----------------------------------
2024-05-01 13:08:52 - ----------------------------------
2024-05-01 13:08:52 - |  UCT2    |  MCGS    |   Ties   |
2024-05-01 13:33:44 - | 0,63000  | 0,37000  | 0,00000  | -> 100
2024-05-01 13:33:44 - ----------------------------------
2024-05-02 13:38:19 -  
2024-05-02 13:38:19 -  
2024-05-02 13:38:19 -  
2024-05-02 13:38:19 - Experiment start Omega board size = 3
2024-05-02 13:38:19 - Stop by simulations n = 1000
2024-05-02 13:38:19 - Experiment size = 100
2024-05-02 13:38:19 - ----------------------------------
2024-05-02 13:38:19 - |  UCD1    |  UCT0    |   Ties   |
2024-05-02 13:38:30 - | 0,69000  | 0,20000  | 0,11000  | -> 100
2024-05-02 13:38:30 - ----------------------------------
2024-05-02 13:38:30 - ----------------------------------
2024-05-02 13:38:30 - |  UCT0    |  UCD1    |   Ties   |
2024-05-02 13:38:40 - | 0,57000  | 0,18000  | 0,25000  | -> 100
2024-05-02 13:38:40 - ----------------------------------
2024-05-02 13:39:04 -  
2024-05-02 13:39:04 -  
2024-05-02 13:39:04 -  
2024-05-02 13:39:04 - Experiment start Omega board size = 3
2024-05-02 13:39:04 - Stop by simulations n = 1000
2024-05-02 13:39:04 - Experiment size = 100
2024-05-02 13:39:04 - ----------------------------------
2024-05-02 13:39:04 - |  UCT0    |  UCD1    |   Ties   |
2024-05-02 13:39:14 - | 0,56000  | 0,29000  | 0,15000  | -> 100
2024-05-02 13:39:14 - ----------------------------------
2024-05-02 13:39:14 - ----------------------------------
2024-05-02 13:39:14 - |  UCD1    |  UCT0    |   Ties   |
2024-05-02 13:39:25 - | 0,63000  | 0,20000  | 0,17000  | -> 100
2024-05-02 13:39:25 - ----------------------------------
2024-05-02 13:39:41 -  
2024-05-02 13:39:41 -  
2024-05-02 13:39:41 -  
2024-05-02 13:39:41 - Experiment start Omega board size = 4
2024-05-02 13:39:41 - Stop by simulations n = 1000
2024-05-02 13:39:41 - Experiment size = 100
2024-05-02 13:39:41 - ----------------------------------
2024-05-02 13:39:41 - |  UCT0    |  UCD1    |   Ties   |
2024-05-02 13:40:22 - | 0,55000  | 0,43000  | 0,02000  | -> 100
2024-05-02 13:40:22 - ----------------------------------
2024-05-02 13:40:22 - ----------------------------------
2024-05-02 13:40:22 - |  UCD1    |  UCT0    |   Ties   |
2024-05-02 13:41:03 - | 0,74000  | 0,24000  | 0,02000  | -> 100
2024-05-02 13:41:03 - ----------------------------------
2024-05-02 13:51:52 -
2024-05-02 13:51:52 -  
2024-05-02 13:51:52 -  
2024-05-02 13:51:52 - Experiment start Omega board size = 4
2024-05-02 13:51:52 - Stop by simulations n = 5000
2024-05-02 13:51:52 - Experiment size = 100
2024-05-02 13:51:52 - ----------------------------------
2024-05-02 13:51:52 - |  UCT0    |  UCD1    |   Ties   |
2024-05-02 13:56:24 - | 0,80000  | 0,12000  | 0,08000  | -> 100
2024-05-02 13:56:24 - ----------------------------------
2024-05-02 13:56:24 - ----------------------------------
2024-05-02 13:56:24 - |  UCD1    |  UCT0    |   Ties   |
2024-05-02 14:01:11 - | 0,82000  | 0,12000  | 0,06000  | -> 100
2024-05-02 14:01:11 - ----------------------------------
2024-05-02 14:02:47 -  
2024-05-02 14:02:47 -  
2024-05-02 14:02:47 -  
2024-05-02 14:02:47 - Experiment start Omega board size = 4
2024-05-02 14:02:47 - Stop by simulations n = 2000
2024-05-02 14:02:47 - Experiment size = 100
2024-05-02 14:02:47 - ----------------------------------
2024-05-02 14:02:47 - |  UCT0    |  UCD1    |   Ties   |
2024-05-02 14:04:21 - | 0,68000  | 0,30000  | 0,02000  | -> 100
2024-05-02 14:04:21 - ----------------------------------
2024-05-02 14:04:21 - ----------------------------------
2024-05-02 14:04:21 - |  UCD1    |  UCT0    |   Ties   |
2024-05-02 14:06:02 - | 0,79000  | 0,18000  | 0,03000  | -> 100
2024-05-02 14:06:02 - ----------------------------------
2024-05-02 16:56:20 -  
2024-05-02 16:56:20 -  
2024-05-02 16:56:20 -  
2024-05-02 16:56:20 - Experiment start Omega board size = 5
2024-05-02 16:56:20 - Stop by simulations n = 2000
2024-05-02 16:56:20 - Experiment size = 100
2024-05-02 16:56:20 - ----------------------------------
2024-05-02 16:56:20 - |  UCT0    |  UCD2    |   Ties   |
2024-05-02 17:00:45 - | 0,59000  | 0,40000  | 0,01000  | -> 100
2024-05-02 17:00:45 - ----------------------------------
2024-05-02 17:00:45 - ----------------------------------
2024-05-02 17:00:45 - |  UCD2    |  UCT0    |   Ties   |
2024-05-02 17:05:16 - | 0,59000  | 0,40000  | 0,01000  | -> 100
2024-05-02 17:05:16 - ----------------------------------
2024-05-02 17:05:39 -  
2024-05-02 17:05:39 -  
2024-05-02 17:05:39 -  
2024-05-02 17:05:39 - Experiment start Omega board size = 5
2024-05-02 17:05:39 - Stop by simulations n = 5000
2024-05-02 17:05:39 - Experiment size = 100
2024-05-02 17:05:39 - ----------------------------------
2024-05-02 17:05:39 - |  UCT0    |  UCD2    |   Ties   |
2024-05-02 17:20:33 - | 0,67000  | 0,33000  | 0,00000  | -> 100
2024-05-02 17:20:33 - ----------------------------------
2024-05-02 17:20:33 - ----------------------------------
2024-05-02 17:20:33 - |  UCD2    |  UCT0    |   Ties   |
2024-05-02 17:35:49 - | 0,65000  | 0,35000  | 0,00000  | -> 100
2024-05-02 17:35:49 - ----------------------------------
2024-05-04 10:29:47 -  
2024-05-04 10:29:47 -  
2024-05-04 10:29:47 -  
2024-05-04 10:29:47 - Experiment start Omega board size = 4
2024-05-04 10:29:47 - Stop by simulations n = 1000
2024-05-04 10:29:47 - Experiment size = 100
2024-05-04 10:29:47 - ----------------------------------
2024-05-04 10:29:47 - |  UCT0    |  UCD2    |   Ties   |
2024-05-04 10:30:26 - | 0,63000  | 0,36000  | 0,01000  | -> 100
2024-05-04 10:30:26 - ----------------------------------
2024-05-04 10:30:26 - ----------------------------------
2024-05-04 10:30:26 - |  UCD2    |  UCT0    |   Ties   |
2024-05-04 10:31:06 - | 0,69000  | 0,30000  | 0,01000  | -> 100
2024-05-04 10:31:06 - ----------------------------------
2024-05-04 10:31:15 -  
2024-05-04 10:31:15 -  
2024-05-04 10:31:15 -  
2024-05-04 10:31:15 - Experiment start Omega board size = 4
2024-05-04 10:31:15 - Stop by simulations n = 1000
2024-05-04 10:31:15 - Experiment size = 100
2024-05-04 10:31:15 - ----------------------------------
2024-05-04 10:31:15 - |  UCT0    |  UCD2    |   Ties   |
2024-05-04 10:31:54 - | 0,63000  | 0,36000  | 0,01000  | -> 100
2024-05-04 10:31:54 - ----------------------------------
2024-05-04 10:31:54 - ----------------------------------
2024-05-04 10:31:54 - |  UCD2    |  UCT0    |   Ties   |
2024-05-04 10:32:33 - | 0,69000  | 0,30000  | 0,01000  | -> 100
2024-05-04 10:32:33 - ----------------------------------
2024-05-04 11:30:06 -  
2024-05-04 11:30:06 -  
2024-05-04 11:30:06 -  
2024-05-04 11:30:06 - Experiment start Omega board size = 4
2024-05-04 11:30:06 - Stop by simulations n = 1000
2024-05-04 11:30:06 - Experiment size = 100
2024-05-04 11:30:06 - ----------------------------------
2024-05-04 11:30:06 - |  UCT0    |  UCD0    |   Ties   |
2024-05-04 11:30:35 - | 0,52000  | 0,45000  | 0,03000  | -> 100
2024-05-04 11:30:35 - ----------------------------------
2024-05-04 11:30:35 - ----------------------------------
2024-05-04 11:30:35 - |  UCD0    |  UCT0    |   Ties   |
2024-05-04 11:31:04 - | 0,73000  | 0,26000  | 0,01000  | -> 100
2024-05-04 11:31:04 - ----------------------------------
2024-05-04 11:31:15 -  
2024-05-04 11:31:15 -  
2024-05-04 11:31:15 -  
2024-05-04 11:31:15 - Experiment start Omega board size = 4
2024-05-04 11:31:15 - Stop by simulations n = 1000
2024-05-04 11:31:15 - Experiment size = 100
2024-05-04 11:31:15 - ----------------------------------
2024-05-04 11:31:15 - |  UCT0    |  UCD3    |   Ties   |
2024-05-04 11:31:44 - | 0,52000  | 0,45000  | 0,03000  | -> 100
2024-05-04 11:31:44 - ----------------------------------
2024-05-04 11:31:44 - ----------------------------------
2024-05-04 11:31:44 - |  UCD3    |  UCT0    |   Ties   |
2024-05-04 11:32:12 - | 0,73000  | 0,26000  | 0,01000  | -> 100
2024-05-04 11:32:12 - ----------------------------------
2024-05-04 11:35:19 -  
2024-05-04 11:35:19 -  
2024-05-04 11:35:19 -  
2024-05-04 11:35:19 - Experiment start Omega board size = 4
2024-05-04 11:35:19 - Stop by simulations n = 1000
2024-05-04 11:35:19 - Experiment size = 100
2024-05-04 11:35:19 - ----------------------------------
2024-05-04 11:35:19 - |  UCD2    |  UCD3    |   Ties   |
2024-05-04 11:36:02 - | 0,65000  | 0,31000  | 0,04000  | -> 100
2024-05-04 11:36:02 - ----------------------------------
2024-05-04 11:36:02 - ----------------------------------
2024-05-04 11:36:02 - |  UCD3    |  UCD2    |   Ties   |
2024-05-04 11:36:43 - | 0,72000  | 0,28000  | 0,00000  | -> 100
2024-05-04 11:36:43 - ----------------------------------
2024-05-04 11:37:13 -  
2024-05-04 11:37:13 -  
2024-05-04 11:37:13 -  
2024-05-04 11:37:13 - Experiment start Omega board size = 4
2024-05-04 11:37:13 - Stop by simulations n = 1000
2024-05-04 11:37:13 - Experiment size = 100
2024-05-04 11:37:13 - ----------------------------------
2024-05-04 11:37:13 - |  UCD1    |  UCD3    |   Ties   |
2024-05-04 11:37:43 - | 0,64000  | 0,33000  | 0,03000  | -> 100
2024-05-04 11:37:43 - ----------------------------------
2024-05-04 11:37:43 - ----------------------------------
2024-05-04 11:37:43 - |  UCD3    |  UCD1    |   Ties   |
2024-05-04 11:38:12 - | 0,73000  | 0,24000  | 0,03000  | -> 100
2024-05-04 11:38:12 - ----------------------------------
2024-05-04 11:38:56 -  
2024-05-04 11:38:56 -  
2024-05-04 11:38:56 -  
2024-05-04 11:38:56 - Experiment start Omega board size = 4
2024-05-04 11:38:56 - Stop by simulations n = 1000
2024-05-04 11:38:56 - Experiment size = 100
2024-05-04 11:38:56 - ----------------------------------
2024-05-04 11:38:56 - |  UCD1    |  UCD2    |   Ties   |
2024-05-04 11:39:36 - | 0,64000  | 0,31000  | 0,05000  | -> 100
2024-05-04 11:39:36 - ----------------------------------
2024-05-04 11:39:36 - ----------------------------------
2024-05-04 11:39:36 - |  UCD2    |  UCD1    |   Ties   |
2024-05-04 11:40:17 - | 0,73000  | 0,23000  | 0,04000  | -> 100
2024-05-04 11:40:17 - ----------------------------------
2024-05-04 12:02:13 -  
2024-05-04 12:02:13 -  
2024-05-04 12:02:13 -  
2024-05-04 12:02:13 - Experiment start Omega board size = 4
2024-05-04 12:02:13 - Stop by simulations n = 1000
2024-05-04 12:02:13 - Experiment size = 100
2024-05-04 12:02:13 - ----------------------------------
2024-05-04 12:02:13 - |  UCT2    |  UCT0    |   Ties   |
2024-05-04 12:04:19 - | 0,61000  | 0,36000  | 0,03000  | -> 100
2024-05-04 12:04:19 - ----------------------------------
2024-05-04 12:04:19 - ----------------------------------
2024-05-04 12:04:19 - |  UCT0    |  UCT2    |   Ties   |
2024-05-04 12:06:15 - | 0,69000  | 0,30000  | 0,01000  | -> 100
2024-05-04 12:06:15 - ----------------------------------

2024-05-04 13:43:24 -  
2024-05-04 13:43:24 -  
2024-05-04 13:43:24 -  
2024-05-04 13:43:24 - Experiment start Omega board size = 4
2024-05-04 13:43:24 - Stop by simulations n = 1000
2024-05-04 13:43:24 - Experiment size = 100
2024-05-04 13:43:24 - ----------------------------------
2024-05-04 13:43:24 - |  UCT2    |  UCT0    |   Ties   |
2024-05-04 13:44:18 - | 0,67000  | 0,30000  | 0,03000  | -> 100
2024-05-04 13:44:18 - ----------------------------------
2024-05-04 13:44:18 - ----------------------------------
2024-05-04 13:44:18 - |  UCT0    |  UCT2    |   Ties   |
2024-05-04 13:45:11 - | 0,63000  | 0,35000  | 0,02000  | -> 100
2024-05-04 13:45:11 - ----------------------------------
2024-05-04 13:47:16 -  
2024-05-04 13:47:16 -  
2024-05-04 13:47:16 -  
2024-05-04 13:47:16 - Experiment start Omega board size = 4
2024-05-04 13:47:16 - Stop by simulations n = 1000
2024-05-04 13:47:16 - Experiment size = 100
2024-05-04 13:47:16 - ----------------------------------
2024-05-04 13:47:16 - |  UCT0    |  UCT2    |   Ties   |
2024-05-04 13:48:10 - | 0,69000  | 0,30000  | 0,01000  | -> 100
2024-05-04 13:48:10 - ----------------------------------
2024-05-04 13:48:10 - ----------------------------------
2024-05-04 13:48:10 - |  UCT2    |  UCT0    |   Ties   |
2024-05-04 13:49:07 - | 0,70000  | 0,26000  | 0,04000  | -> 100
2024-05-04 13:49:07 - ----------------------------------
2024-05-04 13:51:56 -  
2024-05-04 13:51:56 -  
2024-05-04 13:51:56 -  
2024-05-04 13:51:56 - Experiment start Omega board size = 4
2024-05-04 13:51:56 - Stop by simulations n = 1000
2024-05-04 13:51:56 - Experiment size = 100
2024-05-04 13:51:56 - ----------------------------------
2024-05-04 13:51:56 - |  UCD2    |  UCT2    |   Ties   |
2024-05-04 13:53:07 - | 0,61000  | 0,36000  | 0,03000  | -> 100
2024-05-04 13:53:07 - ----------------------------------
2024-05-04 13:53:07 - ----------------------------------
2024-05-04 13:53:07 - |  UCT2    |  UCD2    |   Ties   |
2024-05-04 13:54:17 - | 0,70000  | 0,27000  | 0,03000  | -> 100
2024-05-04 13:54:17 - ----------------------------------
2024-05-04 13:54:22 -  
2024-05-04 13:54:22 -  
2024-05-04 13:54:22 -  
2024-05-04 13:54:22 - Experiment start Omega board size = 4
2024-05-04 13:54:22 - Stop by simulations n = 1000
2024-05-04 13:54:22 - Experiment size = 100
2024-05-04 13:54:22 - ----------------------------------
2024-05-04 13:54:22 - |  UCT2    |  UCD2    |   Ties   |
2024-05-04 13:55:32 - | 0,67000  | 0,32000  | 0,01000  | -> 100
2024-05-04 13:55:32 - ----------------------------------
2024-05-04 13:55:32 - ----------------------------------
2024-05-04 13:55:32 - |  UCD2    |  UCT2    |   Ties   |
2024-05-04 13:56:41 - | 0,74000  | 0,22000  | 0,04000  | -> 100
2024-05-04 13:56:41 - ----------------------------------
2024-05-04 14:52:52 -  
2024-05-04 14:52:52 - Experiment start Omega board size = 4
2024-05-04 14:52:52 - Stop by simulations n = 1000
2024-05-04 14:52:52 - Experiment size = 100
2024-05-04 14:52:52 - ----------------------------------
2024-05-04 14:52:52 - |  UCT3    |  UCT0    |   Ties   |
2024-05-04 14:53:32 - | 0,68000  | 0,28000  | 0,04000  | -> 100
2024-05-04 14:53:32 - ----------------------------------
2024-05-04 14:53:32 - ----------------------------------
2024-05-04 14:53:32 - |  UCT0    |  UCT3    |   Ties   |
2024-05-04 14:54:12 - | 0,69000  | 0,31000  | 0,00000  | -> 100
2024-05-04 14:54:12 - ----------------------------------
2024-05-04 14:54:24 -  
2024-05-04 14:54:24 -  
2024-05-04 14:54:24 -  
2024-05-04 14:54:24 - Experiment start Omega board size = 4
2024-05-04 14:54:24 - Stop by simulations n = 1000
2024-05-04 14:54:24 - Experiment size = 100
2024-05-04 14:54:24 - ----------------------------------
2024-05-04 14:54:24 - |  UCT3    |  UCD3    |   Ties   |
2024-05-04 14:55:08 - | 0,58000  | 0,38000  | 0,04000  | -> 100
2024-05-04 14:55:08 - ----------------------------------
2024-05-04 14:55:08 - ----------------------------------
2024-05-04 14:55:08 - |  UCD3    |  UCT3    |   Ties   |
2024-05-04 14:55:49 - | 0,69000  | 0,26000  | 0,05000  | -> 100
2024-05-04 14:55:49 - ----------------------------------
2024-05-04 14:56:10 -  
2024-05-04 14:56:10 -  
2024-05-04 14:56:10 -  
2024-05-04 14:56:10 - Experiment start Omega board size = 4
2024-05-04 14:56:10 - Stop by simulations n = 1000
2024-05-04 14:56:10 - Experiment size = 100
2024-05-04 14:56:10 - ----------------------------------
2024-05-04 14:56:10 - |  UCD3    |  UCT3    |   Ties   |
2024-05-04 14:56:55 - | 0,60000  | 0,33000  | 0,07000  | -> 100
2024-05-04 14:56:55 - ----------------------------------
2024-05-04 14:56:55 - ----------------------------------
2024-05-04 14:56:55 - |  UCT3    |  UCD3    |   Ties   |
2024-05-04 14:57:41 - | 0,59000  | 0,41000  | 0,00000  | -> 100
2024-05-04 14:57:41 - ----------------------------------
2024-05-04 15:00:14 -
2024-05-05 13:01:50 -  
2024-05-05 13:01:50 - Experiment start Omega board size = 4
2024-05-05 13:01:50 - Stop by simulations n = 1000
2024-05-05 13:01:50 - Experiment size = 100
2024-05-05 13:01:50 - ----------------------------------
2024-05-05 13:01:50 - |  UCD2    |  UCT0    |   Ties   |
2024-05-05 13:02:32 - | 0,72000  | 0,24000  | 0,04000  | -> 100
2024-05-05 13:02:32 - ----------------------------------
2024-05-05 13:02:32 - ----------------------------------
2024-05-05 13:02:32 - |  UCT0    |  UCD2    |   Ties   |
2024-05-05 13:03:10 - | 0,59000  | 0,37000  | 0,04000  | -> 100
2024-05-05 13:03:10 - ----------------------------------
2024-05-05 13:03:35 -  
2024-05-05 13:03:35 -  
2024-05-05 13:03:35 -  
2024-05-05 13:03:35 - Experiment start Omega board size = 4
2024-05-05 13:03:35 - Stop by simulations n = 1000
2024-05-05 13:03:35 - Experiment size = 100
2024-05-05 13:03:35 - ----------------------------------
2024-05-05 13:03:35 - |  UCD2    |  UCT0    |   Ties   |
2024-05-05 13:04:17 - | 0,72000  | 0,24000  | 0,04000  | -> 100
2024-05-05 13:04:17 - ----------------------------------
2024-05-05 13:04:17 - ----------------------------------
2024-05-05 13:04:17 - |  UCT0    |  UCD2    |   Ties   |
2024-05-05 13:04:57 - | 0,59000  | 0,37000  | 0,04000  | -> 100
2024-05-05 13:04:57 - ----------------------------------
2024-05-05 13:05:19 -  
2024-05-05 13:05:19 -
2024-05-05 13:05:41 -  
2024-05-05 13:05:41 - Experiment start Omega board size = 4
2024-05-05 13:05:41 - Stop by simulations n = 1000
2024-05-05 13:05:41 - Experiment size = 100
2024-05-05 13:05:41 - ----------------------------------
2024-05-05 13:05:41 - |  UCD3    |  UCT0    |   Ties   |
2024-05-05 13:06:11 - | 0,67000  | 0,32000  | 0,01000  | -> 100
2024-05-05 13:06:11 - ----------------------------------
2024-05-05 13:06:11 - ----------------------------------
2024-05-05 13:06:11 - |  UCT0    |  UCD3    |   Ties   |
2024-05-05 13:06:40 - | 0,58000  | 0,37000  | 0,05000  | -> 100
2024-05-05 13:06:40 - ----------------------------------
2024-05-05 13:06:57 -  
2024-05-05 13:06:57 -  
2024-05-05 13:06:57 -  
2024-05-05 13:06:57 - Experiment start Omega board size = 4
2024-05-05 13:06:57 - Stop by simulations n = 1000
2024-05-05 13:06:57 - Experiment size = 100
2024-05-05 13:06:57 - ----------------------------------
2024-05-05 13:06:57 - |  UCD1    |  UCT0    |   Ties   |
2024-05-05 13:07:26 - | 0,66000  | 0,31000  | 0,03000  | -> 100
2024-05-05 13:07:26 - ----------------------------------
2024-05-05 13:07:26 - ----------------------------------
2024-05-05 13:07:26 - |  UCT0    |  UCD1    |   Ties   |
2024-05-05 13:07:54 - | 0,63000  | 0,34000  | 0,03000  | -> 100
2024-05-05 13:07:54 - ----------------------------------
2024-05-05 13:08:34 -  
2024-05-05 13:08:34 -  
2024-05-05 13:08:34 -  
2024-05-05 13:08:34 - Experiment start Omega board size = 4
2024-05-05 13:08:34 - Stop by simulations n = 5000
2024-05-05 13:08:34 - Experiment size = 100
2024-05-05 13:08:34 - ----------------------------------
2024-05-05 13:08:34 - |  UCD2    |  UCT0    |   Ties   |
2024-05-05 13:13:25 - | 0,86000  | 0,10000  | 0,04000  | -> 100
2024-05-05 13:13:25 - ----------------------------------
2024-05-05 13:13:25 - ----------------------------------
2024-05-05 13:13:25 - |  UCT0    |  UCD2    |   Ties   |
2024-05-05 13:18:00 - | 0,82000  | 0,13000  | 0,05000  | -> 100
2024-05-05 13:18:00 - ----------------------------------
2024-05-05 13:18:25 -  
2024-05-05 13:18:25 -  
2024-05-05 13:18:25 -  
2024-05-05 13:18:25 - Experiment start Omega board size = 5
2024-05-05 13:18:25 - Stop by simulations n = 5000
2024-05-05 13:18:25 - Experiment size = 100
2024-05-05 13:18:25 - ----------------------------------
2024-05-05 13:18:25 - |  UCD2    |  UCT0    |   Ties   |
2024-05-05 13:34:38 - | 0,66000  | 0,33000  | 0,01000  | -> 100
2024-05-05 13:34:38 - ----------------------------------
2024-05-05 13:34:38 - ----------------------------------
2024-05-05 13:34:38 - |  UCT0    |  UCD2    |   Ties   |
2024-05-05 13:50:03 - | 0,66000  | 0,32000  | 0,02000  | -> 100
2024-05-05 13:50:03 - ----------------------------------
2024-05-05 13:50:32 -  
2024-05-05 13:50:32 -  
2024-05-05 13:50:32 -  
2024-05-05 13:50:32 - Experiment start Omega board size = 5
2024-05-05 13:50:32 - Stop by simulations n = 5000
2024-05-05 13:50:32 - Experiment size = 50
2024-05-05 13:50:32 - ----------------------------------
2024-05-05 13:50:32 - |  UCD3    |  UCT0    |   Ties   |
2024-05-05 13:54:17 - | 0,68000  | 0,32000  | 0,00000  | -> 50
2024-05-05 13:54:17 - ----------------------------------
2024-05-05 13:54:17 - ----------------------------------
2024-05-05 13:54:17 - |  UCT0    |  UCD3    |   Ties   |
2024-05-05 13:57:59 - | 0,60000  | 0,40000  | 0,00000  | -> 50
2024-05-05 13:57:59 - ----------------------------------
2024-05-05 13:58:59 -  
2024-05-05 13:58:59 -  
2024-05-05 13:58:59 -  
2024-05-05 13:58:59 - Experiment start Omega board size = 5
2024-05-05 13:58:59 - Stop by simulations n = 5000
2024-05-05 13:58:59 - Experiment size = 50
2024-05-05 13:58:59 - ----------------------------------
2024-05-05 13:58:59 - |  UCD1    |  UCT0    |   Ties   |
2024-05-05 14:02:42 - | 0,66000  | 0,32000  | 0,02000  | -> 50
2024-05-05 14:02:42 - ----------------------------------
2024-05-05 14:02:42 - ----------------------------------
2024-05-05 14:02:42 - |  UCT0    |  UCD1    |   Ties   |
2024-05-05 14:06:18 - | 0,62000  | 0,36000  | 0,02000  | -> 50
2024-05-05 14:06:18 - ----------------------------------
2024-05-05 14:06:38 -  
2024-05-05 14:06:38 -  
2024-05-05 14:06:38 -  
2024-05-05 14:06:38 - Experiment start Omega board size = 5
2024-05-05 14:06:38 - Stop by simulations n = 5000
2024-05-05 14:06:38 - Experiment size = 50
2024-05-05 14:06:38 - ----------------------------------
2024-05-05 14:06:38 - |  UCT1    |  UCT0    |   Ties   |
2024-05-05 14:11:38 - | 0,64000  | 0,34000  | 0,02000  | -> 50
2024-05-05 14:11:38 - ----------------------------------
2024-05-05 14:11:38 - ----------------------------------
2024-05-05 14:11:38 - |  UCT0    |  UCT1    |   Ties   |
2024-05-05 14:16:37 - | 0,56000  | 0,44000  | 0,00000  | -> 50
2024-05-05 14:16:37 - ----------------------------------
2024-05-05 14:23:22 -  
2024-05-05 14:23:22 - Experiment start Omega board size = 5
2024-05-05 14:23:22 - Stop by simulations n = 5000
2024-05-05 14:23:22 - Experiment size = 50
2024-05-05 14:23:22 - ----------------------------------
2024-05-05 14:23:22 - |  UCT3    |  UCT0    |   Ties   |
2024-05-05 14:28:37 - | 0,60000  | 0,40000  | 0,00000  | -> 50
2024-05-05 14:28:37 - ----------------------------------
2024-05-05 14:28:37 - ----------------------------------
2024-05-05 14:28:37 - |  UCT0    |  UCT3    |   Ties   |
2024-05-05 14:33:45 - | 0,76000  | 0,22000  | 0,02000  | -> 50
2024-05-05 14:33:45 - ----------------------------------
2024-05-05 14:36:07 -  
2024-05-05 14:36:07 - Experiment start Omega board size = 5
2024-05-05 14:36:07 - Stop by simulations n = 20000
2024-05-05 14:36:07 - Experiment size = 50
2024-05-05 14:36:07 - ----------------------------------
2024-05-05 14:36:07 - |  UCD3    |  UCT0    |   Ties   |
2024-05-05 14:57:30 - | 0,78000  | 0,20000  | 0,02000  | -> 50
2024-05-05 14:57:30 - ----------------------------------
2024-05-05 14:57:30 - ----------------------------------
2024-05-05 14:57:30 - |  UCT0    |  UCD3    |   Ties   |
2024-05-05 15:19:15 - | 0,66000  | 0,32000  | 0,02000  | -> 50
2024-05-05 15:19:16 - ----------------------------------
2024-05-05 15:36:24 -  
2024-05-05 15:36:24 - Experiment start Omega board size = 5
2024-05-05 15:36:24 - Stop by simulations n = 10000
2024-05-05 15:36:24 - Experiment size = 50
2024-05-05 15:36:24 - ----------------------------------
2024-05-05 15:36:24 - |  UCD3    |  UCT0    |   Ties   |
2024-05-05 15:44:49 - | 0,72000  | 0,26000  | 0,02000  | -> 50
2024-05-05 15:44:50 - ----------------------------------
2024-05-05 15:44:50 - ----------------------------------
2024-05-05 15:44:50 - |  UCT0    |  UCD3    |   Ties   |
2024-05-05 15:53:05 - | 0,54000  | 0,46000  | 0,00000  | -> 50
2024-05-05 15:53:05 - ----------------------------------
2024-05-05 15:53:45 -  
2024-05-05 15:53:45 -
2024-05-05 15:53:51 - Experiment start Omega board size = 5
2024-05-05 15:53:51 - Stop by simulations n = 15000
2024-05-05 15:53:51 - Experiment size = 50
2024-05-05 15:53:51 - ----------------------------------
2024-05-05 15:53:51 - |  UCD3    |  UCT0    |   Ties   |
2024-05-05 16:08:49 - | 0,70000  | 0,30000  | 0,00000  | -> 50
2024-05-05 16:08:49 - ----------------------------------
2024-05-05 16:08:49 - ----------------------------------
2024-05-05 16:08:49 - |  UCT0    |  UCD3    |   Ties   |
2024-05-05 16:22:56 - | 0,74000  | 0,26000  | 0,00000  | -> 50
2024-05-05 16:22:56 - ----------------------------------
2024-05-05 16:24:03 -  
2024-05-05 16:24:03 -  
2024-05-05 16:24:03 -  
2024-05-05 16:24:03 - Experiment start Omega board size = 5
2024-05-05 16:24:03 - Stop by simulations n = 5000
2024-05-05 16:24:03 - Experiment size = 50
2024-05-05 16:24:03 - ----------------------------------
2024-05-05 16:24:03 - |  UCD3    |  UCT0    |   Ties   |
2024-05-05 16:27:46 - | 0,68000  | 0,32000  | 0,00000  | -> 50
2024-05-05 16:27:46 - ----------------------------------
2024-05-05 16:27:46 - ----------------------------------
2024-05-05 16:27:46 - |  UCT0    |  UCD3    |   Ties   |
2024-05-05 16:31:25 - | 0,60000  | 0,40000  | 0,00000  | -> 50
2024-05-05 16:31:25 - ----------------------------------
2024-05-05 16:31:34 -  
2024-05-05 16:31:34 -  
2024-05-05 16:31:34 -  
2024-05-05 16:31:34 - Experiment start Omega board size = 5
2024-05-05 16:31:34 - Stop by simulations n = 2000
2024-05-05 16:31:34 - Experiment size = 50
2024-05-05 16:31:34 - ----------------------------------
2024-05-05 16:31:34 - |  UCD3    |  UCT0    |   Ties   |
2024-05-05 16:33:01 - | 0,62000  | 0,38000  | 0,00000  | -> 50
2024-05-05 16:33:01 - ----------------------------------
2024-05-05 16:33:01 - ----------------------------------
2024-05-05 16:33:01 - |  UCT0    |  UCD3    |   Ties   |
2024-05-05 16:34:27 - | 0,60000  | 0,38000  | 0,02000  | -> 50
2024-05-05 16:34:27 - ----------------------------------
2024-05-05 16:36:47 -  
2024-05-05 16:36:47 -  
2024-05-05 16:36:47 -  
2024-05-05 16:36:47 - Experiment start Omega board size = 5
2024-05-05 16:36:47 - Stop by simulations n = 1000
2024-05-05 16:36:47 - Experiment size = 50
2024-05-05 16:36:47 - ----------------------------------
2024-05-05 16:36:47 - |  UCD3    |  UCT0    |   Ties   |
2024-05-05 16:37:30 - | 0,62000  | 0,38000  | 0,00000  | -> 50
2024-05-05 16:37:30 - ----------------------------------
2024-05-05 16:37:30 - ----------------------------------
2024-05-05 16:37:30 - |  UCT0    |  UCD3    |   Ties   |
2024-05-05 16:38:12 - | 0,48000  | 0,50000  | 0,02000  | -> 50
2024-05-05 16:38:12 - ----------------------------------
2024-05-05 16:42:00 -  
2024-05-05 16:42:01 -  
2024-05-05 16:42:01 -  
2024-05-05 16:42:01 - Experiment start Omega board size = 5
2024-05-05 16:42:01 - Stop by simulations n = 500
2024-05-05 16:42:01 - Experiment size = 50
2024-05-05 16:42:01 - ----------------------------------
2024-05-05 16:42:01 - |  UCD3    |  UCT0    |   Ties   |
2024-05-05 16:42:21 - | 0,56000  | 0,44000  | 0,00000  | -> 50
2024-05-05 16:42:21 - ----------------------------------
2024-05-05 16:42:21 - ----------------------------------
2024-05-05 16:42:21 - |  UCT0    |  UCD3    |   Ties   |
2024-05-05 16:42:40 - | 0,42000  | 0,56000  | 0,02000  | -> 50
2024-05-05 16:42:40 - ----------------------------------
2024-05-05 16:43:10 -  
2024-05-05 16:43:10 -  
2024-05-05 16:43:10 -  
2024-05-05 16:43:10 - Experiment start Omega board size = 5
2024-05-05 16:43:10 - Stop by simulations n = 100
2024-05-05 16:43:10 - Experiment size = 50
2024-05-05 16:43:10 - ----------------------------------
2024-05-05 16:43:10 - |  UCD3    |  UCT0    |   Ties   |
2024-05-05 16:48:03 - | 0,64000  | 0,36000  | 0,00000  | -> 50
2024-05-05 16:48:03 - ----------------------------------
2024-05-05 16:48:03 - ----------------------------------
2024-05-05 16:48:03 - |  UCT0    |  UCD3    |   Ties   |
2024-05-05 16:52:55 - | 0,54000  | 0,44000  | 0,02000  | -> 50
2024-05-05 16:52:55 - ----------------------------------
2024-05-05 16:53:20 -
2024-05-05 16:53:39 - Experiment start Omega board size = 5
2024-05-05 16:53:39 - Stop by simulations n = 200
2024-05-05 16:53:39 - Experiment size = 50
2024-05-05 16:53:39 - ----------------------------------
2024-05-05 16:53:39 - |  UCD3    |  UCT0    |   Ties   |
2024-05-05 17:03:25 - | 0,56000  | 0,44000  | 0,00000  | -> 50
2024-05-05 17:03:25 - ----------------------------------
2024-05-05 17:03:25 - ----------------------------------
2024-05-05 17:03:25 - |  UCT0    |  UCD3    |   Ties   |
2024-05-05 17:13:11 - | 0,58000  | 0,42000  | 0,00000  | -> 50
2024-05-05 17:13:11 - ----------------------------------
2024-05-06 09:02:38 -  
2024-05-06 09:02:38 -  
2024-05-06 09:02:38 -  
2024-05-06 09:02:38 - Experiment start Omega board size = 5
2024-05-06 09:02:38 - Stop by simulations n = 200
2024-05-06 09:02:38 - Experiment size = 50
2024-05-06 09:02:38 - ----------------------------------
2024-05-06 09:02:38 - |  UCT22   |  UCT0    |   Ties   |
2024-05-06 09:03:28 -  
2024-05-06 09:03:28 -  
2024-05-06 09:03:28 -  
2024-05-06 09:03:28 - Experiment start Omega board size = 4
2024-05-06 09:03:28 - Stop by simulations n = 10000
2024-05-06 09:03:28 - Experiment size = 50
2024-05-06 09:03:28 - ----------------------------------
2024-05-06 09:03:28 - |  UCT22   |  UCT0    |   Ties   |
2024-05-06 09:07:22 - | 0,88000  | 0,04000  | 0,08000  | -> 50
2024-05-06 09:07:22 - ----------------------------------
2024-05-06 09:07:22 - ----------------------------------
2024-05-06 09:07:22 - |  UCT0    |  UCT22   |   Ties   |
2024-05-06 09:11:06 - | 0,92000  | 0,04000  | 0,04000  | -> 50
2024-05-06 09:11:06 - ----------------------------------
2024-05-06 09:11:27 -
2024-05-06 09:12:01 -  
2024-05-06 09:12:01 - Experiment start Omega board size = 4
2024-05-06 09:12:01 - Stop by simulations n = 10000
2024-05-06 09:12:01 - Experiment size = 50
2024-05-06 09:12:01 - ----------------------------------
2024-05-06 09:12:01 - |  UCD2    |  UCT0    |   Ties   |
2024-05-06 09:17:49 - | 0,88000  | 0,06000  | 0,06000  | -> 50
2024-05-06 09:17:49 - ----------------------------------
2024-05-06 09:17:49 - ----------------------------------
2024-05-06 09:17:49 - |  UCT0    |  UCD2    |   Ties   |
2024-05-06 09:23:06 - | 0,86000  | 0,08000  | 0,06000  | -> 50n
2024-05-06 09:23:06 - ----------------------------------
2024-05-06 09:24:13 -  
2024-05-06 09:24:13 -  
2024-05-06 09:24:13 -  
2024-05-06 09:24:13 - Experiment start Omega board size = 4
2024-05-06 09:24:13 - Stop by simulations n = 10000
2024-05-06 09:24:13 - Experiment size = 50
2024-05-06 09:24:13 - ----------------------------------
2024-05-06 09:24:13 - |  UCD2    |  UCT0    |   Ties   |
2024-05-06 09:29:55 - | 0,88000  | 0,06000  | 0,06000  | -> 50
2024-05-06 09:29:55 - ----------------------------------
2024-05-06 09:29:55 - ----------------------------------
2024-05-06 09:29:55 - |  UCT0    |  UCD2    |   Ties   |
2024-05-06 09:35:07 - | 0,86000  | 0,08000  | 0,06000  | -> 50
2024-05-06 09:35:07 - ----------------------------------
2024-05-06 09:35:19 -  
2024-05-06 09:35:19 -  
2024-05-06 09:35:19 -  
2024-05-06 09:35:19 - Experiment start Omega board size = 4
2024-05-06 09:35:19 - Stop by simulations n = 10000
2024-05-06 09:35:19 - Experiment size = 50
2024-05-06 09:35:19 - ----------------------------------
2024-05-06 09:35:19 - |  UCD2    |  UCT0    |   Ties   |
2024-05-06 09:42:08 - | 0,98000  | 0,02000  | 0,00000  | -> 50
2024-05-06 09:42:08 - ----------------------------------
2024-05-06 09:42:08 - ----------------------------------
2024-05-06 09:42:08 - |  UCT0    |  UCD2    |   Ties   |
2024-05-06 09:48:11 - | 0,94000  | 0,04000  | 0,02000  | -> 50
2024-05-06 09:48:11 - ----------------------------------
2024-05-06 09:48:30 -
2024-05-06 09:50:33 -  
2024-05-06 09:50:33 - Experiment start Omega board size = 4
2024-05-06 09:50:33 - Stop by simulations n = 10000
2024-05-06 09:50:33 - Experiment size = 50
2024-05-06 09:50:33 - ----------------------------------
2024-05-06 09:50:33 - |  UCT22   |  UCT0    |   Ties   |
2024-05-06 09:54:49 - | 0,96000  | 0,04000  | 0,00000  | -> 50
2024-05-06 09:54:49 - ----------------------------------
2024-05-06 09:54:49 - ----------------------------------
2024-05-06 09:54:49 - |  UCT0    |  UCT22   |   Ties   |
2024-05-06 09:58:41 - | 0,92000  | 0,06000  | 0,02000  | -> 50
2024-05-06 09:58:41 - ----------------------------------
2024-05-06 10:45:26 -  
2024-05-06 10:45:26 -  
2024-05-06 10:45:26 -  
2024-05-06 10:45:26 - Experiment start Omega board size = 5
2024-05-06 10:45:26 - Stop by simulations n = 3000
2024-05-06 10:45:26 - Experiment size = 50
2024-05-06 10:45:26 - ----------------------------------
2024-05-06 10:45:26 - |  UCT2    |  UCT0    |   Ties   |
2024-05-06 10:46:00 -  
2024-05-06 10:46:00 -  
2024-05-06 10:46:00 -  
2024-05-06 10:46:00 - Experiment start Omega board size = 5
2024-05-06 10:46:00 - Stop by simulations n = 3000
2024-05-06 10:46:00 - Experiment size = 50
2024-05-06 10:46:00 - ----------------------------------
2024-05-06 10:46:00 - |  UCT3    |  UCT0    |   Ties   |
2024-05-06 10:49:12 - | 0,66000  | 0,34000  | 0,00000  | -> 50
2024-05-06 10:49:12 - ----------------------------------
2024-05-06 10:49:12 - ----------------------------------
2024-05-06 10:49:12 - |  UCT0    |  UCT3    |   Ties   |
2024-05-06 10:52:18 - | 0,38000  | 0,58000  | 0,04000  | -> 50
2024-05-06 10:52:18 - ----------------------------------
2024-05-06 10:53:15 -  
2024-05-06 10:53:15 -  
2024-05-06 10:53:15 -  
2024-05-06 10:53:15 - Experiment start Omega board size = 4
2024-05-06 10:53:15 - Stop by simulations n = 3000
2024-05-06 10:53:15 - Experiment size = 50
2024-05-06 10:53:15 - ----------------------------------
2024-05-06 10:53:15 - |  UCT3    |  UCT0    |   Ties   |
2024-05-06 10:54:28 - | 0,60000  | 0,32000  | 0,08000  | -> 50
2024-05-06 10:54:28 - ----------------------------------
2024-05-06 10:54:28 - ----------------------------------
2024-05-06 10:54:28 - |  UCT0    |  UCT3    |   Ties   |
2024-05-06 10:55:39 - | 0,60000  | 0,40000  | 0,00000  | -> 50
2024-05-06 10:55:39 - ----------------------------------
2024-05-06 10:55:57 -  
2024-05-06 10:55:57 -  
2024-05-06 10:55:57 -  
2024-05-06 10:55:57 - Experiment start Omega board size = 3
2024-05-06 10:55:57 - Stop by simulations n = 3000
2024-05-06 10:55:57 - Experiment size = 50
2024-05-06 10:55:57 - ----------------------------------
2024-05-06 10:55:57 - |  UCT3    |  UCT0    |   Ties   |
2024-05-06 10:56:17 - | 0,28000  | 0,52000  | 0,20000  | -> 50
2024-05-06 10:56:17 - ----------------------------------
2024-05-06 10:56:17 - ----------------------------------
2024-05-06 10:56:17 - |  UCT0    |  UCT3    |   Ties   |
2024-05-06 10:56:35 - | 0,22000  | 0,56000  | 0,22000  | -> 50
2024-05-06 10:56:35 - ----------------------------------
2024-05-06 10:58:21 -  
2024-05-06 10:58:22 -  
2024-05-06 10:58:22 -  
2024-05-06 10:58:22 - Experiment start Omega board size = 3
2024-05-06 10:58:22 - Stop by simulations n = 3000
2024-05-06 10:58:22 - Experiment size = 50
2024-05-06 10:58:22 - ----------------------------------
2024-05-06 10:58:22 - |  UCT3    |  UCT0    |   Ties   |
2024-05-06 10:59:00 -  
2024-05-06 10:59:00 -  
2024-05-06 10:59:00 -  
2024-05-06 10:59:00 - Experiment start Omega board size = 3
2024-05-06 10:59:00 - Stop by simulations n = 3000
2024-05-06 10:59:00 - Experiment size = 50
2024-05-06 10:59:00 - ----------------------------------
2024-05-06 10:59:00 - |  UCT3    |  UCT0    |   Ties   |
2024-05-06 10:59:57 -  
2024-05-06 10:59:57 -  
2024-05-06 10:59:57 -  
2024-05-06 10:59:57 - Experiment start Omega board size = 3
2024-05-06 10:59:57 - Stop by simulations n = 3000
2024-05-06 10:59:57 - Experiment size = 50
2024-05-06 10:59:57 - ----------------------------------
2024-05-06 10:59:57 - |  UCT3    |  UCT0    |   Ties   |
2024-05-06 11:14:31 -  
2024-05-06 11:14:31 -  
2024-05-06 11:14:31 -  
2024-05-06 11:14:31 - Experiment start Omega board size = 5
2024-05-06 11:14:31 - Stop by simulations n = 3000
2024-05-06 11:14:31 - Experiment size = 50
2024-05-06 11:14:31 - ----------------------------------
2024-05-06 11:14:31 - |  UCD3    |  UCT0    |   Ties   |
2024-05-06 11:17:02 - | 0,68000  | 0,32000  | 0,00000  | -> 50
2024-05-06 11:17:03 - ----------------------------------
2024-05-06 11:17:03 - ----------------------------------
2024-05-06 11:17:03 - |  UCT0    |  UCD3    |   Ties   |
2024-05-06 11:19:33 - | 0,46000  | 0,52000  | 0,02000  | -> 50
2024-05-06 11:19:33 - ----------------------------------
2024-05-06 11:21:12 -  
2024-05-06 11:21:12 -  
2024-05-06 11:21:12 -  
2024-05-06 11:21:12 - Experiment start Omega board size = 5
2024-05-06 11:21:12 - Stop by simulations n = 3000
2024-05-06 11:21:12 - Experiment size = 50
2024-05-06 11:21:12 - ----------------------------------
2024-05-06 11:21:12 - |  UCT3    |  UCT0    |   Ties   |
2024-05-06 11:24:41 - | 0,66000  | 0,34000  | 0,00000  | -> 50
2024-05-06 11:24:41 - ----------------------------------
2024-05-06 11:24:41 - ----------------------------------
2024-05-06 11:24:41 - |  UCT0    |  UCT3    |   Ties   |
2024-05-06 11:27:53 - | 0,38000  | 0,58000  | 0,04000  | -> 50
2024-05-06 11:27:53 - ----------------------------------
2024-05-06 11:28:16 -  
2024-05-06 11:28:16 -  
2024-05-06 11:28:16 -  
2024-05-06 11:28:16 - Experiment start Omega board size = 5
2024-05-06 11:28:16 - Stop by simulations n = 3000
2024-05-06 11:28:16 - Experiment size = 50
2024-05-06 11:28:16 - ----------------------------------
2024-05-06 11:28:16 - |  UCT2    |  UCT0    |   Ties   |
2024-05-06 11:31:33 - | 0,62000  | 0,38000  | 0,00000  | -> 50
2024-05-06 11:31:33 - ----------------------------------
2024-05-06 11:31:33 - ----------------------------------
2024-05-06 11:31:33 - |  UCT0    |  UCT2    |   Ties   |
2024-05-06 11:34:43 - | 0,58000  | 0,40000  | 0,02000  | -> 50
2024-05-06 11:34:43 - ----------------------------------
2024-05-13 18:30:00 -  
2024-05-13 18:30:00 -  
2024-05-13 18:30:00 -  
2024-05-13 18:30:00 - Experiment start Omega board size = 5
2024-05-13 18:30:00 - Stop by simulations n = 10000
2024-05-13 18:30:00 - Experiment size = 50
2024-05-13 18:30:00 - ----------------------------------
2024-05-13 18:30:00 - |  UCT0    |  UCT1    |   Ties   |
2024-05-13 18:43:41 - | 0,34000  | 0,64000  | 0,02000  | -> 50
2024-05-13 18:43:41 - ----------------------------------
2024-05-13 18:43:41 - ----------------------------------
2024-05-13 18:43:41 - |  UCT0    |  UCT2    |   Ties   |
2024-05-13 18:57:56 - | 0,40000  | 0,58000  | 0,02000  | -> 50
2024-05-13 18:57:56 - ----------------------------------
2024-05-13 18:57:56 - ----------------------------------
2024-05-13 18:57:56 - |  UCT0    |  UCT3    |   Ties   |
2024-05-13 19:12:23 - | 0,24000  | 0,74000  | 0,02000  | -> 50
2024-05-13 19:12:23 - ----------------------------------
2024-05-13 19:12:23 - ----------------------------------
2024-05-13 19:12:23 - |  UCT1    |  UCT0    |   Ties   |
2024-05-13 19:26:29 - | 0,64000  | 0,36000  | 0,00000  | -> 50
2024-05-13 19:26:29 - ----------------------------------
2024-05-13 19:26:29 - ----------------------------------
2024-05-13 19:26:29 - |  UCT1    |  UCT2    |   Ties   |
2024-05-13 19:46:33 - | 0,40000  | 0,58000  | 0,02000  | -> 50
2024-05-13 19:46:33 - ----------------------------------
2024-05-13 19:46:33 - ----------------------------------
2024-05-13 19:46:33 - |  UCT1    |  UCT3    |   Ties   |
2024-05-13 20:06:42 - | 0,40000  | 0,58000  | 0,02000  | -> 50
2024-05-13 20:06:42 - ----------------------------------
2024-05-13 20:06:42 - ----------------------------------
2024-05-13 20:06:42 - |  UCT2    |  UCT0    |   Ties   |
2024-05-13 20:21:05 - | 0,62000  | 0,34000  | 0,04000  | -> 50
2024-05-13 20:21:05 - ----------------------------------
2024-05-13 20:21:05 - ----------------------------------
2024-05-13 20:21:05 - |  UCT2    |  UCT1    |   Ties   |
2024-05-13 20:41:08 - | 0,44000  | 0,56000  | 0,00000  | -> 50
2024-05-13 20:41:08 - ----------------------------------
2024-05-13 20:41:08 - ----------------------------------
2024-05-13 20:41:08 - |  UCT2    |  UCT3    |   Ties   |
2024-05-13 21:01:48 - | 0,42000  | 0,52000  | 0,06000  | -> 50
2024-05-13 21:01:48 - ----------------------------------
2024-05-13 21:01:48 - ----------------------------------
2024-05-13 21:01:48 - |  UCT3    |  UCT0    |   Ties   |
2024-05-13 21:16:27 - | 0,72000  | 0,28000  | 0,00000  | -> 50
2024-05-13 21:16:27 - ----------------------------------
2024-05-13 21:16:27 - ----------------------------------
2024-05-13 21:16:27 - |  UCT3    |  UCT1    |   Ties   |
2024-05-13 21:36:39 - | 0,72000  | 0,28000  | 0,00000  | -> 50
2024-05-13 21:36:39 - ----------------------------------
2024-05-13 21:36:39 - ----------------------------------
2024-05-13 21:36:39 - |  UCT3    |  UCT2    |   Ties   |
2024-05-13 21:57:20 - | 0,68000  | 0,30000  | 0,02000  | -> 50
2024-05-13 21:57:20 - ----------------------------------
