2024-06-02 19:58:32 - c(1.6538461538461537,4.615384615384615,11.444444444444445,9.12,13.038461538461538,19.307692307692307,24.576923076923077,24.125,33.84615384615385,35.791666666666664,42.16,49.541666666666664,46.75,54.391304347826086,62.25,)

2024-06-02 20:18:24 - c(6.384615384615385,13.777777777777779,17.56,28.892857142857142,33.92857142857143,41.625,48.44444444444444,55.26923076923077,70.14814814814815,80.55555555555556,78.96,90.07407407407408,104.89285714285714,117.07407407407408,133.0,)

2024-06-04 12:30:28 - c(1.7142857142857142,3.7142857142857144,2.625,4.125,3.875,9.75,23.833333333333332,)

2024-06-04 12:30:28 - c(1.0301575072754257,1.6659862556700857,1.996089927833914,2.4717149916606487,2.2603926650031405,4.683748498798798,3.0230595245361758,)

2024-06-04 12:30:37 - c(0.42857142857142855,1.25,1.5,3.5,2.142857142857143,21.25,63.75,)

2024-06-04 12:30:37 - c(0.49487165930539345,1.3919410907075054,1.5811388300841898,3.3541019662496847,2.0303814862216996,26.21426138574192,62.208821721681886,)

2024-06-04 12:33:14 - c(2.111111111111111,0.9642857142857143,2.0,3.6923076923076925,5.2592592592592595,15.444444444444445,31.192307692307693,)

2024-06-04 12:33:14 - c(2.4845199749997664,0.9813308331452918,1.387777332977422,1.8349016064425479,2.318885309999782,6.729335079878544,10.564888258061487,)

2024-06-04 12:34:49 - c(0.0,0.3333333333333333,0.39285714285714285,1.2083333333333333,1.2307692307692308,5.153846153846154,14.076923076923077,)

2024-06-04 12:34:49 - c(0.0,0.47140452079103173,0.6729087029077419,0.8154327412825385,0.8904489925223252,3.194855331891567,9.285733792813893,)

2024-06-04 12:36:42 - c(0.8571428571428571,1.625,1.7142857142857142,3.75,3.4285714285714284,22.0,60.875,)

2024-06-04 12:36:42 - c(0.6388765649999398,1.4086784586980805,1.0301575072754257,3.929058411375428,2.5555062599997593,29.93325909419153,59.85072576836475,)

2024-06-04 12:36:54 - c(1.2857142857142858,5.125,3.5,2.75,3.5,9.625,22.125,)

2024-06-04 12:36:54 - c(0.6998542122237652,2.666341125962693,2.8284271247461903,1.713913650100261,1.6583123951777,4.8202048711647105,9.942805187672139,)

2024-06-13 11:58:28 - c(19.714285714285715,31.285714285714285,46.5,73.0,47.875,76.83333333333333,102.33333333333333,70.0,131.66666666666666,91.375,151.5,112.125,129.625,133.0,161.125,253.33333333333334,263.6666666666667,163.375,193.75,287.5,223.125,215.0,223.125,239.25,278.5,246.125,261.0,382.25,286.875,305.125,313.375,397.75,332.0,384.0,381.75,391.75,392.5,397.75,427.25,426.75,422.375,483.875,476.5,472.125,482.875,462.375,483.125,546.125,565.75,547.0,)






2024-06-13 12:16:24 - c(30.466666666666665,43.6,60.785714285714285,81.14285714285714,104.85714285714286,120.2,152.42857142857142,188.92857142857142,185.71428571428572,211.6153846153846,238.92857142857142,256.35714285714283,291.7142857142857,339.57142857142856,318.7857142857143,345.14285714285717,368.07142857142856,470.35714285714283,496.35714285714283,522.3846153846154,)

2024-06-13 12:18:24 - c(33.333333333333336,54.93333333333333,84.06666666666666,113.61538461538461,144.21428571428572,176.57142857142858,211.28571428571428,224.78571428571428,264.14285714285717,301.0,328.7857142857143,370.93333333333334,434.5,483.57142857142856,458.8125,598.5714285714286,631.2142857142857,596.3571428571429,770.3846153846154,866.0714285714286,)

2024-06-13 12:20:12 - c(29.071428571428573,44.357142857142854,65.53333333333333,91.0,113.57142857142857,140.71428571428572,160.71428571428572,190.21428571428572,220.78571428571428,239.85714285714286,268.0,328.2857142857143,321.5,348.14285714285717,374.2142857142857,398.42857142857144,429.07142857142856,454.2857142857143,484.92857142857144,536.7142857142857,)



2024-06-13 12:32:48 - c(33.93333333333333,42.375,59.333333333333336,80.0,98.2,124.92857142857143,143.64285714285714,177.4,207.78571428571428,206.14285714285714,230.42857142857142,252.42857142857142,278.5,310.85714285714283,322.2142857142857,343.5,365.7142857142857,384.7857142857143,406.57142857142856,504.0,)

2024-06-13 12:34:26 - c(26.214285714285715,52.25,79.0,111.78571428571429,137.92857142857142,166.57142857142858,202.57142857142858,234.21428571428572,250.0,314.07142857142856,349.92857142857144,386.2142857142857,398.85714285714283,430.7142857142857,473.07142857142856,489.5,523.2142857142857,560.7857142857143,651.6428571428571,661.7857142857143,)

2024-06-13 12:35:49 - c(32.166666666666664,49.916666666666664,86.64285714285714,107.86666666666666,121.25,142.14285714285714,170.28571428571428,194.0,219.21428571428572,244.21428571428572,287.2142857142857,345.07142857142856,379.42857142857144,363.9230769230769,383.0,414.7142857142857,495.2142857142857,529.8571428571429,559.7142857142857,614.8571428571429,)








2024-06-13 12:45:27 - c(29.733333333333334,45.214285714285715,59.4,79.0,106.14285714285714,123.78571428571429,155.0,177.5,192.0,214.07142857142858,232.78571428571428,307.14285714285717,277.35714285714283,306.07142857142856,324.42857142857144,347.57142857142856,392.1333333333333,388.42857142857144,452.14285714285717,529.8571428571429,567.1428571428571,602.3571428571429,599.1428571428571,647.5,662.1428571428571,696.3571428571429,753.6428571428571,769.7142857142857,793.2857142857143,818.5714285714286,)

2024-06-13 12:49:09 - c(30.357142857142858,51.1875,78.0,115.21428571428571,144.35714285714286,177.35714285714286,207.21428571428572,239.5,269.92857142857144,285.07142857142856,338.07142857142856,370.42857142857144,398.2142857142857,441.64285714285717,458.5,496.7142857142857,543.9285714285714,582.1428571428571,612.4285714285714,633.7857142857143,672.5714285714286,731.2857142857143,835.5714285714286,816.0,819.7857142857143,874.0,895.1428571428571,914.9285714285714,961.8571428571429,1012.8571428571429,)

2024-06-13 12:52:32 - c(27.0,46.0,68.35714285714286,96.64285714285714,125.42857142857143,143.0,172.0,206.07142857142858,228.92857142857142,267.7142857142857,304.85714285714283,351.2142857142857,381.64285714285717,391.42857142857144,422.7857142857143,480.0,490.92857142857144,532.2857142857143,569.5,603.2142857142857,652.0,713.2142857142857,738.0714285714286,730.7142857142857,787.3571428571429,845.8571428571429,893.0769230769231,952.2142857142857,954.1428571428571,961.3571428571429,)

2024-06-13 12:58:23 - c(37.592592592592595,57.61538461538461,88.51851851851852,126.6923076923077,159.65384615384616,191.8846153846154,238.59259259259258,263.2307692307692,297.03846153846155,329.4230769230769,434.6923076923077,479.88461538461536,517.1538461538462,546.12,592.9615384615385,648.1538461538462,698.3846153846154,738.8461538461538,759.52,808.3076923076923,862.1538461538462,883.88,)

2024-06-13 13:03:53 - c(42.69230769230769,82.57692307692308,123.84615384615384,171.5,223.07692307692307,258.4230769230769,306.4230769230769,350.84615384615387,399.5,453.1923076923077,513.3846153846154,572.9230769230769,616.6923076923077,654.5384615384615,726.3461538461538,834.1923076923077,829.0769230769231,903.9230769230769,923.0384615384615,974.1153846153846,1065.5384615384614,1090.5384615384614,)

2024-06-13 13:08:41 - c(32.2,74.28571428571429,103.34615384615384,139.57692307692307,185.5,223.5,254.76923076923077,289.9230769230769,360.96153846153845,397.8076923076923,466.2307692307692,506.15384615384613,542.4230769230769,586.2692307692307,623.1923076923077,724.0769230769231,756.3076923076923,835.1153846153846,906.3461538461538,942.4615384615385,989.7307692307693,1017.2307692307693,)

2024-06-13 13:37:16 - c(1000.8,1107.2307692307693,1083.16,1097.8846153846155,1116.076923076923,1218.9615384615386,1236.1153846153845,1274.6153846153845,)

2024-06-13 13:42:00 - c(1166.44,1154.5,1203.3076923076924,1245.3076923076924,1385.4615384615386,1439.04,1400.7692307692307,1455.3461538461538,)

2024-06-13 13:46:15 - c(1020.68,1079.7307692307693,1124.7307692307693,1174.076923076923,1273.5,1277.423076923077,1333.4615384615386,1408.8461538461538,)

